0 verbose cli /home/gevalinho/.nvm/versions/node/v21.7.1/bin/node /home/gevalinho/.nvm/versions/node/v21.7.1/bin/npm
1 info using npm@10.9.2
2 info using node@v21.7.1
3 silly config load:file:/home/gevalinho/.nvm/versions/node/v21.7.1/lib/node_modules/npm/npmrc
4 silly config load:file:/home/gevalinho/gevalinho/nextjs-15/.npmrc
5 silly config load:file:/home/gevalinho/.npmrc
6 silly config load:file:/home/gevalinho/.nvm/versions/node/v21.7.1/etc/npmrc
7 verbose title npm install @eslint/js @eslint/eslintrc
8 verbose argv "install" "@eslint/js" "@eslint/eslintrc" "--save-dev"
9 verbose logfile logs-max:10 dir:/home/gevalinho/gevalinho/nextjs-15/C:UsersgevalAppDataRoamingnpm-cache/_logs/2025-01-10T10_19_11_111Z-
10 verbose logfile /home/gevalinho/gevalinho/nextjs-15/C:UsersgevalAppDataRoamingnpm-cache/_logs/2025-01-10T10_19_11_111Z-debug-0.log
11 silly logfile done cleaning log files
12 silly packumentCache heap:2197815296 maxSize:549453824 maxEntrySize:274726912
13 silly idealTree buildDeps
14 silly fetch manifest @eslint/js@*
15 silly packumentCache full:https://registry.npmjs.org/@eslint%2fjs cache-miss
16 http fetch GET 200 https://registry.npmjs.org/@eslint%2fjs 1236ms (cache miss)
17 silly packumentCache full:https://registry.npmjs.org/@eslint%2fjs set size:undefined disposed:false
18 silly fetch manifest @eslint/eslintrc@*
19 silly packumentCache full:https://registry.npmjs.org/@eslint%2feslintrc cache-miss
20 http fetch GET 200 https://registry.npmjs.org/@eslint%2feslintrc 253ms (cache miss)
21 silly packumentCache full:https://registry.npmjs.org/@eslint%2feslintrc set size:undefined disposed:false
22 silly placeDep ROOT @eslint/eslintrc@3.2.0 REPLACE for: nextjs-15@0.1.0 want: *
23 silly placeDep ROOT @eslint/js@9.17.0 REPLACE for: nextjs-15@0.1.0 want: *
24 silly fetch manifest espree@^10.0.1
25 silly packumentCache full:https://registry.npmjs.org/espree cache-miss
26 silly fetch manifest globals@^14.0.0
27 silly packumentCache full:https://registry.npmjs.org/globals cache-miss
28 http fetch GET 200 https://registry.npmjs.org/espree 716ms (cache miss)
29 silly packumentCache full:https://registry.npmjs.org/espree set size:undefined disposed:false
30 http fetch GET 200 https://registry.npmjs.org/globals 942ms (cache miss)
31 silly packumentCache full:https://registry.npmjs.org/globals set size:undefined disposed:false
32 silly placeDep node_modules/@eslint/eslintrc espree@10.3.0 OK for: @eslint/eslintrc@3.2.0 want: ^10.0.1
33 silly placeDep node_modules/@eslint/eslintrc globals@14.0.0 OK for: @eslint/eslintrc@3.2.0 want: ^14.0.0
34 silly fetch manifest eslint-visitor-keys@^4.2.0
35 silly packumentCache full:https://registry.npmjs.org/eslint-visitor-keys cache-miss
36 http fetch GET 200 https://registry.npmjs.org/eslint-visitor-keys 181ms (cache miss)
37 silly packumentCache full:https://registry.npmjs.org/eslint-visitor-keys set size:undefined disposed:false
38 silly fetch manifest @eslint/eslintrc@^2.1.4
39 silly packumentCache full:https://registry.npmjs.org/@eslint%2feslintrc cache-miss
40 http cache https://registry.npmjs.org/@eslint%2feslintrc 10ms (cache hit)
41 silly packumentCache full:https://registry.npmjs.org/@eslint%2feslintrc set size:150127 disposed:false
42 silly fetch manifest @eslint/js@8.57.1
43 silly packumentCache full:https://registry.npmjs.org/@eslint%2fjs cache-miss
44 http cache https://registry.npmjs.org/@eslint%2fjs 4ms (cache hit)
45 silly packumentCache full:https://registry.npmjs.org/@eslint%2fjs set size:91016 disposed:false
46 silly placeDep node_modules/eslint @eslint/eslintrc@2.1.4 OK for: eslint@8.57.1 want: ^2.1.4
47 silly placeDep node_modules/eslint @eslint/js@8.57.1 OK for: eslint@8.57.1 want: 8.57.1
48 silly placeDep node_modules/@eslint/eslintrc eslint-visitor-keys@4.2.0 OK for: espree@10.3.0 want: ^4.2.0
49 silly reify mark retired [ '/home/gevalinho/gevalinho/nextjs-15/node_modules/@eslint/eslintrc' ]
50 silly reify mark retired [ '/home/gevalinho/gevalinho/nextjs-15/node_modules/@eslint/js' ]
51 silly reify mark retired [
51 silly reify   '/home/gevalinho/gevalinho/nextjs-15/node_modules/@eslint/migrate-config/node_modules/@eslint/eslintrc'
51 silly reify ]
52 silly reify mark retired [
52 silly reify   '/home/gevalinho/gevalinho/nextjs-15/node_modules/@eslint/migrate-config/node_modules/eslint-visitor-keys'
52 silly reify ]
53 silly reify mark retired [
53 silly reify   '/home/gevalinho/gevalinho/nextjs-15/node_modules/@eslint/migrate-config/node_modules/espree'
53 silly reify ]
54 silly reify mark retired [
54 silly reify   '/home/gevalinho/gevalinho/nextjs-15/node_modules/@eslint/migrate-config/node_modules/globals'
54 silly reify ]
55 silly reify moves {
55 silly reify   '/home/gevalinho/gevalinho/nextjs-15/node_modules/@eslint/eslintrc': '/home/gevalinho/gevalinho/nextjs-15/node_modules/@eslint/.eslintrc-LjFyDBH5',
55 silly reify   '/home/gevalinho/gevalinho/nextjs-15/node_modules/@eslint/js': '/home/gevalinho/gevalinho/nextjs-15/node_modules/@eslint/.js-WK3AHK97',
55 silly reify   '/home/gevalinho/gevalinho/nextjs-15/node_modules/@eslint/migrate-config/node_modules/@eslint/eslintrc': '/home/gevalinho/gevalinho/nextjs-15/node_modules/@eslint/migrate-config/node_modules/@eslint/.eslintrc-ENAu3I3R',
55 silly reify   '/home/gevalinho/gevalinho/nextjs-15/node_modules/@eslint/migrate-config/node_modules/eslint-visitor-keys': '/home/gevalinho/gevalinho/nextjs-15/node_modules/@eslint/migrate-config/node_modules/.eslint-visitor-keys-8uZCmMZu',
55 silly reify   '/home/gevalinho/gevalinho/nextjs-15/node_modules/@eslint/migrate-config/node_modules/espree': '/home/gevalinho/gevalinho/nextjs-15/node_modules/@eslint/migrate-config/node_modules/.espree-dzT9LnIK',
55 silly reify   '/home/gevalinho/gevalinho/nextjs-15/node_modules/@eslint/migrate-config/node_modules/globals': '/home/gevalinho/gevalinho/nextjs-15/node_modules/@eslint/migrate-config/node_modules/.globals-ULsenjaX'
55 silly reify }
56 silly audit bulk request {
56 silly audit   '@alloc/quick-lru': [ '5.2.0' ],
56 silly audit   '@eslint-community/eslint-utils': [ '4.4.1' ],
56 silly audit   '@eslint-community/regexpp': [ '4.12.1' ],
56 silly audit   '@eslint/compat': [ '1.2.4' ],
56 silly audit   '@eslint/eslintrc': [ '3.2.0', '2.1.4' ],
56 silly audit   '@eslint/migrate-config': [ '1.3.5' ],
56 silly audit   'eslint-visitor-keys': [ '4.2.0', '3.4.3' ],
56 silly audit   espree: [ '9.6.1', '10.3.0' ],
56 silly audit   globals: [ '15.14.0', '13.24.0', '14.0.0' ],
56 silly audit   '@humanwhocodes/config-array': [ '0.13.0' ],
56 silly audit   '@humanwhocodes/module-importer': [ '1.0.1' ],
56 silly audit   '@humanwhocodes/object-schema': [ '2.0.3' ],
56 silly audit   '@isaacs/cliui': [ '8.0.2' ],
56 silly audit   'ansi-regex': [ '6.1.0', '5.0.1' ],
56 silly audit   'strip-ansi': [ '7.1.0', '6.0.1' ],
56 silly audit   '@jridgewell/gen-mapping': [ '0.3.8' ],
56 silly audit   '@jridgewell/resolve-uri': [ '3.1.2' ],
56 silly audit   '@jridgewell/set-array': [ '1.2.1' ],
56 silly audit   '@jridgewell/sourcemap-codec': [ '1.5.0' ],
56 silly audit   '@jridgewell/trace-mapping': [ '0.3.25' ],
56 silly audit   '@next/env': [ '14.2.23' ],
56 silly audit   '@next/eslint-plugin-next': [ '14.2.15' ],
56 silly audit   '@next/swc-darwin-arm64': [ '14.2.23' ],
56 silly audit   '@next/swc-darwin-x64': [ '14.2.23' ],
56 silly audit   '@next/swc-linux-arm64-gnu': [ '14.2.23' ],
56 silly audit   '@next/swc-linux-arm64-musl': [ '14.2.23' ],
56 silly audit   '@next/swc-linux-x64-gnu': [ '14.2.23' ],
56 silly audit   '@next/swc-linux-x64-musl': [ '14.2.23' ],
56 silly audit   '@next/swc-win32-arm64-msvc': [ '14.2.23' ],
56 silly audit   '@next/swc-win32-ia32-msvc': [ '14.2.23' ],
56 silly audit   '@next/swc-win32-x64-msvc': [ '14.2.23' ],
56 silly audit   '@nodelib/fs.scandir': [ '2.1.5' ],
56 silly audit   '@nodelib/fs.stat': [ '2.0.5' ],
56 silly audit   '@nodelib/fs.walk': [ '1.2.8' ],
56 silly audit   '@nolyfill/is-core-module': [ '1.0.39' ],
56 silly audit   '@pkgjs/parseargs': [ '0.11.0' ],
56 silly audit   '@pkgr/core': [ '0.1.1' ],
56 silly audit   '@rtsao/scc': [ '1.1.0' ],
56 silly audit   '@rushstack/eslint-patch': [ '1.10.4' ],
56 silly audit   '@swc/counter': [ '0.1.3' ],
56 silly audit   '@swc/helpers': [ '0.5.5' ],
56 silly audit   '@types/json5': [ '0.0.29' ],
56 silly audit   '@types/node': [ '20.17.12' ],
56 silly audit   '@types/prop-types': [ '15.7.14' ],
56 silly audit   '@types/react': [ '18.3.18' ],
56 silly audit   '@types/react-dom': [ '18.3.5' ],
56 silly audit   '@typescript-eslint/eslint-plugin': [ '8.19.1' ],
56 silly audit   '@typescript-eslint/parser': [ '8.19.1' ],
56 silly audit   '@typescript-eslint/scope-manager': [ '8.19.1' ],
56 silly audit   '@typescript-eslint/type-utils': [ '8.19.1' ],
56 silly audit   '@typescript-eslint/types': [ '8.19.1' ],
56 silly audit   '@typescript-eslint/typescript-estree': [ '8.19.1' ],
56 silly audit   'brace-expansion': [ '2.0.1', '1.1.11' ],
56 silly audit   minimatch: [ '9.0.5', '3.1.2' ],
56 silly audit   '@typescript-eslint/utils': [ '8.19.1' ],
56 silly audit   '@typescript-eslint/visitor-keys': [ '8.19.1' ],
56 silly audit   '@ungap/structured-clone': [ '1.2.1' ],
56 silly audit   acorn: [ '8.14.0' ],
56 silly audit   'acorn-jsx': [ '5.3.2' ],
56 silly audit   ajv: [ '6.12.6' ],
56 silly audit   'ansi-styles': [ '4.3.0', '6.2.1' ],
56 silly audit   'any-promise': [ '1.3.0' ],
56 silly audit   anymatch: [ '3.1.3' ],
56 silly audit   arg: [ '5.0.2' ],
56 silly audit   argparse: [ '2.0.1' ],
56 silly audit   'aria-query': [ '5.3.2' ],
56 silly audit   'array-buffer-byte-length': [ '1.0.2' ],
56 silly audit   'array-includes': [ '3.1.8' ],
56 silly audit   'array.prototype.findlast': [ '1.2.5' ],
56 silly audit   'array.prototype.findlastindex': [ '1.2.5' ],
56 silly audit   'array.prototype.flat': [ '1.3.3' ],
56 silly audit   'array.prototype.flatmap': [ '1.3.3' ],
56 silly audit   'array.prototype.tosorted': [ '1.1.4' ],
56 silly audit   'arraybuffer.prototype.slice': [ '1.0.4' ],
56 silly audit   'ast-types': [ '0.16.1' ],
56 silly audit   'ast-types-flow': [ '0.0.8' ],
56 silly audit   'available-typed-arrays': [ '1.0.7' ],
56 silly audit   'axe-core': [ '4.10.2' ],
56 silly audit   'axobject-query': [ '4.1.0' ],
56 silly audit   'balanced-match': [ '1.0.2' ],
56 silly audit   'binary-extensions': [ '2.3.0' ],
56 silly audit   braces: [ '3.0.3' ],
56 silly audit   busboy: [ '1.6.0' ],
56 silly audit   'call-bind': [ '1.0.8' ],
56 silly audit   'call-bind-apply-helpers': [ '1.0.1' ],
56 silly audit   'call-bound': [ '1.0.3' ],
56 silly audit   callsites: [ '3.1.0' ],
56 silly audit   camelcase: [ '8.0.0' ],
56 silly audit   'camelcase-css': [ '2.0.1' ],
56 silly audit   'caniuse-lite': [ '1.0.30001690' ],
56 silly audit   chalk: [ '4.1.2' ],
56 silly audit   chokidar: [ '3.6.0' ],
56 silly audit   'glob-parent': [ '5.1.2', '6.0.2' ],
56 silly audit   'client-only': [ '0.0.1' ],
56 silly audit   'color-convert': [ '2.0.1' ],
56 silly audit   'color-name': [ '1.1.4' ],
56 silly audit   commander: [ '4.1.1' ],
56 silly audit   'concat-map': [ '0.0.1' ],
56 silly audit   'cross-spawn': [ '7.0.6' ],
56 silly audit   cssesc: [ '3.0.0' ],
56 silly audit   csstype: [ '3.1.3' ],
56 silly audit   'damerau-levenshtein': [ '1.0.8' ],
56 silly audit   'data-view-buffer': [ '1.0.2' ],
56 silly audit   'data-view-byte-length': [ '1.0.2' ],
56 silly audit   'data-view-byte-offset': [ '1.0.1' ],
56 silly audit   debug: [ '4.4.0', '3.2.7' ],
56 silly audit   'deep-is': [ '0.1.4' ],
56 silly audit   'define-data-property': [ '1.1.4' ],
56 silly audit   'define-properties': [ '1.2.1' ],
56 silly audit   didyoumean: [ '1.2.2' ],
56 silly audit   dlv: [ '1.1.3' ],
56 silly audit   doctrine: [ '3.0.0', '2.1.0' ],
56 silly audit   'dunder-proto': [ '1.0.1' ],
56 silly audit   eastasianwidth: [ '0.2.0' ],
56 silly audit   'emoji-regex': [ '9.2.2', '8.0.0' ],
56 silly audit   'enhanced-resolve': [ '5.18.0' ],
56 silly audit   'es-abstract': [ '1.23.9' ],
56 silly audit   'es-define-property': [ '1.0.1' ],
56 silly audit   'es-errors': [ '1.3.0' ],
56 silly audit   'es-iterator-helpers': [ '1.2.1' ],
56 silly audit   'es-object-atoms': [ '1.0.0' ],
56 silly audit   'es-set-tostringtag': [ '2.1.0' ],
56 silly audit   'es-shim-unscopables': [ '1.0.2' ],
56 silly audit   'es-to-primitive': [ '1.3.0' ],
56 silly audit   'escape-string-regexp': [ '4.0.0' ],
56 silly audit   eslint: [ '8.57.1' ],
56 silly audit   'eslint-compat-utils': [ '0.5.1' ],
56 silly audit   'eslint-config-next': [ '14.2.15' ],
56 silly audit   'eslint-config-standard': [ '17.1.0' ],
56 silly audit   'eslint-import-resolver-node': [ '0.3.9' ],
56 silly audit   'eslint-import-resolver-typescript': [ '3.7.0' ],
56 silly audit   'eslint-module-utils': [ '2.12.0' ],
56 silly audit   'eslint-plugin-es-x': [ '7.8.0' ],
56 silly audit   'eslint-plugin-import': [ '2.31.0' ],
56 silly audit   semver: [ '6.3.1', '7.6.3' ],
56 silly audit   'eslint-plugin-jsx-a11y': [ '6.10.2' ],
56 silly audit   'eslint-plugin-n': [ '17.15.1' ],
56 silly audit   'eslint-plugin-prettier': [ '5.2.1' ],
56 silly audit   'eslint-plugin-react': [ '7.37.3' ],
56 silly audit   'eslint-plugin-react-hooks': [ '5.0.0-canary-7118f5dd7-20230705' ],
56 silly audit   resolve: [ '2.0.0-next.5', '1.22.10' ],
56 silly audit   'eslint-plugin-tailwindcss': [ '3.17.5' ],
56 silly audit   'eslint-scope': [ '7.2.2' ],
56 silly audit   esprima: [ '4.0.1' ],
56 silly audit   esquery: [ '1.6.0' ],
56 silly audit   esrecurse: [ '4.3.0' ],
56 silly audit   estraverse: [ '5.3.0' ],
56 silly audit   esutils: [ '2.0.3' ],
56 silly audit   'fast-deep-equal': [ '3.1.3' ],
56 silly audit   'fast-diff': [ '1.3.0' ],
56 silly audit   'fast-glob': [ '3.3.3' ],
56 silly audit   'fast-json-stable-stringify': [ '2.1.0' ],
56 silly audit   'fast-levenshtein': [ '2.0.6' ],
56 silly audit   fastq: [ '1.18.0' ],
56 silly audit   'file-entry-cache': [ '6.0.1' ],
56 silly audit   'fill-range': [ '7.1.1' ],
56 silly audit   'find-up': [ '5.0.0' ],
56 silly audit   'flat-cache': [ '3.2.0' ],
56 silly audit   flatted: [ '3.3.2' ],
56 silly audit   'for-each': [ '0.3.3' ],
56 silly audit   'foreground-child': [ '3.3.0' ],
56 silly audit   'fs.realpath': [ '1.0.0' ],
56 silly audit   fsevents: [ '2.3.3' ],
56 silly audit   'function-bind': [ '1.1.2' ],
56 silly audit   'function.prototype.name': [ '1.1.8' ],
56 silly audit   'functions-have-names': [ '1.2.3' ],
56 silly audit   'get-intrinsic': [ '1.2.7' ],
56 silly audit   'get-proto': [ '1.0.1' ],
56 silly audit   'get-symbol-description': [ '1.1.0' ],
56 silly audit   'get-tsconfig': [ '4.8.1' ],
56 silly audit   glob: [ '10.3.10', '7.2.3' ],
56 silly audit   globalthis: [ '1.0.4' ],
56 silly audit   gopd: [ '1.2.0' ],
56 silly audit   'graceful-fs': [ '4.2.11' ],
56 silly audit   graphemer: [ '1.4.0' ],
56 silly audit   'has-bigints': [ '1.1.0' ],
56 silly audit   'has-flag': [ '4.0.0' ],
56 silly audit   'has-property-descriptors': [ '1.0.2' ],
56 silly audit   'has-proto': [ '1.2.0' ],
56 silly audit   'has-symbols': [ '1.1.0' ],
56 silly audit   'has-tostringtag': [ '1.0.2' ],
56 silly audit   hasown: [ '2.0.2' ],
56 silly audit   ignore: [ '5.3.2' ],
56 silly audit   'import-fresh': [ '3.3.0' ],
56 silly audit   imurmurhash: [ '0.1.4' ],
56 silly audit   inflight: [ '1.0.6' ],
56 silly audit   inherits: [ '2.0.4' ],
56 silly audit   'internal-slot': [ '1.1.0' ],
56 silly audit   'is-array-buffer': [ '3.0.5' ],
56 silly audit   'is-async-function': [ '2.1.0' ],
56 silly audit   'is-bigint': [ '1.1.0' ],
56 silly audit   'is-binary-path': [ '2.1.0' ],
56 silly audit   'is-boolean-object': [ '1.2.1' ],
56 silly audit   'is-bun-module': [ '1.3.0' ],
56 silly audit   'is-callable': [ '1.2.7' ],
56 silly audit   'is-core-module': [ '2.16.1' ],
56 silly audit   'is-data-view': [ '1.0.2' ],
56 silly audit   'is-date-object': [ '1.1.0' ],
56 silly audit   'is-extglob': [ '2.1.1' ],
56 silly audit   'is-finalizationregistry': [ '1.1.1' ],
56 silly audit   'is-fullwidth-code-point': [ '3.0.0' ],
56 silly audit   'is-generator-function': [ '1.1.0' ],
56 silly audit   'is-glob': [ '4.0.3' ],
56 silly audit   'is-map': [ '2.0.3' ],
56 silly audit   'is-number': [ '7.0.0' ],
56 silly audit   'is-number-object': [ '1.1.1' ],
56 silly audit   'is-path-inside': [ '3.0.3' ],
56 silly audit   'is-regex': [ '1.2.1' ],
56 silly audit   'is-set': [ '2.0.3' ],
56 silly audit   'is-shared-array-buffer': [ '1.0.4' ],
56 silly audit   'is-string': [ '1.1.1' ],
56 silly audit   'is-symbol': [ '1.1.1' ],
56 silly audit   'is-typed-array': [ '1.1.15' ],
56 silly audit   'is-weakmap': [ '2.0.2' ],
56 silly audit   'is-weakref': [ '1.1.0' ],
56 silly audit   'is-weakset': [ '2.0.4' ],
56 silly audit   isarray: [ '2.0.5' ],
56 silly audit   isexe: [ '2.0.0' ],
56 silly audit   'iterator.prototype': [ '1.1.5' ],
56 silly audit   jackspeak: [ '2.3.6' ],
56 silly audit   jiti: [ '1.21.7' ],
56 silly audit   'js-tokens': [ '4.0.0' ],
56 silly audit   'js-yaml': [ '4.1.0' ],
56 silly audit   'json-buffer': [ '3.0.1' ],
56 silly audit   'json-schema-traverse': [ '0.4.1' ],
56 silly audit   'json-stable-stringify-without-jsonify': [ '1.0.1' ],
56 silly audit   json5: [ '1.0.2' ],
56 silly audit   'jsx-ast-utils': [ '3.3.5' ],
56 silly audit   keyv: [ '4.5.4' ],
56 silly audit   'language-subtag-registry': [ '0.3.23' ],
56 silly audit   'language-tags': [ '1.0.9' ],
56 silly audit   levn: [ '0.4.1' ],
56 silly audit   lilconfig: [ '3.1.3' ],
56 silly audit   'lines-and-columns': [ '1.2.4' ],
56 silly audit   'locate-path': [ '6.0.0' ],
56 silly audit   'lodash.merge': [ '4.6.2' ],
56 silly audit   'loose-envify': [ '1.4.0' ],
56 silly audit   'lru-cache': [ '10.4.3' ],
56 silly audit   'math-intrinsics': [ '1.1.0' ],
56 silly audit   merge2: [ '1.4.1' ],
56 silly audit   micromatch: [ '4.0.8' ],
56 silly audit   minimist: [ '1.2.8' ],
56 silly audit   minipass: [ '7.1.2' ],
56 silly audit   ms: [ '2.1.3' ],
56 silly audit   mz: [ '2.7.0' ],
56 silly audit   nanoid: [ '3.3.8' ],
56 silly audit   'natural-compare': [ '1.4.0' ],
56 silly audit   next: [ '14.2.23' ],
56 silly audit   postcss: [ '8.4.31', '8.4.49' ],
56 silly audit   'normalize-path': [ '3.0.0' ],
56 silly audit   'object-assign': [ '4.1.1' ],
56 silly audit   'object-hash': [ '3.0.0' ],
56 silly audit   'object-inspect': [ '1.13.3' ],
56 silly audit   'object-keys': [ '1.1.1' ],
56 silly audit   'object.assign': [ '4.1.7' ],
56 silly audit   'object.entries': [ '1.1.8' ],
56 silly audit   'object.fromentries': [ '2.0.8' ],
56 silly audit   'object.groupby': [ '1.0.3' ],
56 silly audit   'object.values': [ '1.2.1' ],
56 silly audit   once: [ '1.4.0' ],
56 silly audit   optionator: [ '0.9.4' ],
56 silly audit   'own-keys': [ '1.0.1' ],
56 silly audit   'p-limit': [ '3.1.0' ],
56 silly audit   'p-locate': [ '5.0.0' ],
56 silly audit   'parent-module': [ '1.0.1' ],
56 silly audit   'path-exists': [ '4.0.0' ],
56 silly audit   'path-is-absolute': [ '1.0.1' ],
56 silly audit   'path-key': [ '3.1.1' ],
56 silly audit   'path-parse': [ '1.0.7' ],
56 silly audit   'path-scurry': [ '1.11.1' ],
56 silly audit   picocolors: [ '1.1.1' ],
56 silly audit   picomatch: [ '2.3.1' ],
56 silly audit   pify: [ '2.3.0' ],
56 silly audit   pirates: [ '4.0.6' ],
56 silly audit   'possible-typed-array-names': [ '1.0.0' ],
56 silly audit   'postcss-import': [ '15.1.0' ],
56 silly audit   'postcss-js': [ '4.0.1' ],
56 silly audit   'postcss-load-config': [ '4.0.2' ],
56 silly audit   'postcss-nested': [ '6.2.0' ],
56 silly audit   'postcss-selector-parser': [ '6.1.2' ],
56 silly audit   'postcss-value-parser': [ '4.2.0' ],
56 silly audit   'prelude-ls': [ '1.2.1' ],
56 silly audit   'prettier-linter-helpers': [ '1.0.0' ],
56 silly audit   'prop-types': [ '15.8.1' ],
56 silly audit   punycode: [ '2.3.1' ],
56 silly audit   'queue-microtask': [ '1.2.3' ],
56 silly audit   react: [ '18.3.1' ],
56 silly audit   'react-dom': [ '18.3.1' ],
56 silly audit   'react-is': [ '16.13.1' ],
56 silly audit   'read-cache': [ '1.0.0' ],
56 silly audit   readdirp: [ '3.6.0' ],
56 silly audit   recast: [ '0.23.9' ],
56 silly audit   'reflect.getprototypeof': [ '1.0.10' ],
56 silly audit   'regexp.prototype.flags': [ '1.5.4' ],
56 silly audit   'resolve-from': [ '4.0.0' ],
56 silly audit   'resolve-pkg-maps': [ '1.0.0' ],
56 silly audit   reusify: [ '1.0.4' ],
56 silly audit   rimraf: [ '3.0.2' ],
56 silly audit   'run-parallel': [ '1.2.0' ],
56 silly audit   'safe-array-concat': [ '1.1.3' ],
56 silly audit   'safe-push-apply': [ '1.0.0' ],
56 silly audit   'safe-regex-test': [ '1.1.0' ],
56 silly audit   scheduler: [ '0.23.2' ],
56 silly audit   'set-function-length': [ '1.2.2' ],
56 silly audit   'set-function-name': [ '2.0.2' ],
56 silly audit   'set-proto': [ '1.0.0' ],
56 silly audit   'shebang-command': [ '2.0.0' ],
56 silly audit   'shebang-regex': [ '3.0.0' ],
56 silly audit   'side-channel': [ '1.1.0' ],
56 silly audit   'side-channel-list': [ '1.0.0' ],
56 silly audit   'side-channel-map': [ '1.0.1' ],
56 silly audit   'side-channel-weakmap': [ '1.0.2' ],
56 silly audit   'signal-exit': [ '4.1.0' ],
56 silly audit   'source-map': [ '0.6.1' ],
56 silly audit   'source-map-js': [ '1.2.1' ],
56 silly audit   'stable-hash': [ '0.0.4' ],
56 silly audit   streamsearch: [ '1.1.0' ],
56 silly audit   'string-width': [ '5.1.2', '4.2.3' ],
56 silly audit   'string.prototype.includes': [ '2.0.1' ],
56 silly audit   'string.prototype.matchall': [ '4.0.12' ],
56 silly audit   'string.prototype.repeat': [ '1.0.0' ],
56 silly audit   'string.prototype.trim': [ '1.2.10' ],
56 silly audit   'string.prototype.trimend': [ '1.0.9' ],
56 silly audit   'string.prototype.trimstart': [ '1.0.8' ],
56 silly audit   'strip-bom': [ '3.0.0' ],
56 silly audit   'strip-json-comments': [ '3.1.1' ],
56 silly audit   'styled-jsx': [ '5.1.1' ],
56 silly audit   sucrase: [ '3.35.0' ],
56 silly audit   'supports-color': [ '7.2.0' ],
56 silly audit   'supports-preserve-symlinks-flag': [ '1.0.0' ],
56 silly audit   synckit: [ '0.9.2' ],
56 silly audit   tailwindcss: [ '3.4.17' ],
56 silly audit   tapable: [ '2.2.1' ],
56 silly audit   'text-table': [ '0.2.0' ],
56 silly audit   thenify: [ '3.3.1' ],
56 silly audit   'thenify-all': [ '1.6.0' ],
56 silly audit   'tiny-invariant': [ '1.3.3' ],
56 silly audit   'to-regex-range': [ '5.0.1' ],
56 silly audit   'ts-api-utils': [ '2.0.0' ],
56 silly audit   'ts-interface-checker': [ '0.1.13' ],
56 silly audit   'tsconfig-paths': [ '3.15.0' ],
56 silly audit   tslib: [ '2.8.1' ],
56 silly audit   'type-check': [ '0.4.0' ],
56 silly audit   'type-fest': [ '0.20.2' ],
56 silly audit   'typed-array-buffer': [ '1.0.3' ],
56 silly audit   'typed-array-byte-length': [ '1.0.3' ],
56 silly audit   'typed-array-byte-offset': [ '1.0.4' ],
56 silly audit   'typed-array-length': [ '1.0.7' ],
56 silly audit   typescript: [ '5.7.2' ],
56 silly audit   'unbox-primitive': [ '1.1.0' ],
56 silly audit   'undici-types': [ '6.19.8' ],
56 silly audit   'uri-js': [ '4.4.1' ],
56 silly audit   'util-deprecate': [ '1.0.2' ],
56 silly audit   which: [ '2.0.2' ],
56 silly audit   'which-boxed-primitive': [ '1.1.1' ],
56 silly audit   'which-builtin-type': [ '1.2.1' ],
56 silly audit   'which-collection': [ '1.0.2' ],
56 silly audit   'which-typed-array': [ '1.1.18' ],
56 silly audit   'word-wrap': [ '1.2.5' ],
56 silly audit   'wrap-ansi': [ '8.1.0', '7.0.0' ],
56 silly audit   wrappy: [ '1.0.2' ],
56 silly audit   yaml: [ '2.7.0' ],
56 silly audit   'yocto-queue': [ '0.1.0' ],
56 silly audit   '@eslint/js': [ '9.17.0', '8.57.1' ]
56 silly audit }
57 verbose reify failed optional dependency /home/gevalinho/gevalinho/nextjs-15/node_modules/fsevents
58 silly reify mark deleted [ '/home/gevalinho/gevalinho/nextjs-15/node_modules/fsevents' ]
59 verbose reify failed optional dependency /home/gevalinho/gevalinho/nextjs-15/node_modules/@next/swc-win32-x64-msvc
60 silly reify mark deleted [
60 silly reify   '/home/gevalinho/gevalinho/nextjs-15/node_modules/@next/swc-win32-x64-msvc'
60 silly reify ]
61 verbose reify failed optional dependency /home/gevalinho/gevalinho/nextjs-15/node_modules/@next/swc-win32-ia32-msvc
62 silly reify mark deleted [
62 silly reify   '/home/gevalinho/gevalinho/nextjs-15/node_modules/@next/swc-win32-ia32-msvc'
62 silly reify ]
63 verbose reify failed optional dependency /home/gevalinho/gevalinho/nextjs-15/node_modules/@next/swc-win32-arm64-msvc
64 silly reify mark deleted [
64 silly reify   '/home/gevalinho/gevalinho/nextjs-15/node_modules/@next/swc-win32-arm64-msvc'
64 silly reify ]
65 verbose reify failed optional dependency /home/gevalinho/gevalinho/nextjs-15/node_modules/@next/swc-linux-arm64-musl
66 silly reify mark deleted [
66 silly reify   '/home/gevalinho/gevalinho/nextjs-15/node_modules/@next/swc-linux-arm64-musl'
66 silly reify ]
67 verbose reify failed optional dependency /home/gevalinho/gevalinho/nextjs-15/node_modules/@next/swc-linux-arm64-gnu
68 silly reify mark deleted [
68 silly reify   '/home/gevalinho/gevalinho/nextjs-15/node_modules/@next/swc-linux-arm64-gnu'
68 silly reify ]
69 verbose reify failed optional dependency /home/gevalinho/gevalinho/nextjs-15/node_modules/@next/swc-darwin-x64
70 silly reify mark deleted [
70 silly reify   '/home/gevalinho/gevalinho/nextjs-15/node_modules/@next/swc-darwin-x64'
70 silly reify ]
71 verbose reify failed optional dependency /home/gevalinho/gevalinho/nextjs-15/node_modules/@next/swc-darwin-arm64
72 silly reify mark deleted [
72 silly reify   '/home/gevalinho/gevalinho/nextjs-15/node_modules/@next/swc-darwin-arm64'
72 silly reify ]
73 http cache @eslint/eslintrc@https://registry.npmjs.org/@eslint/eslintrc/-/eslintrc-3.2.0.tgz 0ms (cache hit)
74 http cache eslint-visitor-keys@https://registry.npmjs.org/eslint-visitor-keys/-/eslint-visitor-keys-4.2.0.tgz 0ms (cache hit)
75 http cache globals@https://registry.npmjs.org/globals/-/globals-14.0.0.tgz 0ms (cache hit)
76 http cache espree@https://registry.npmjs.org/espree/-/espree-10.3.0.tgz 0ms (cache hit)
77 http cache @eslint/eslintrc@https://registry.npmjs.org/@eslint/eslintrc/-/eslintrc-2.1.4.tgz 0ms (cache hit)
78 http cache @eslint/js@https://registry.npmjs.org/@eslint/js/-/js-8.57.1.tgz 0ms (cache hit)
79 http cache @eslint/js@https://registry.npmjs.org/@eslint/js/-/js-9.17.0.tgz 0ms (cache hit)
80 silly tarball no local data for @eslint/eslintrc@https://registry.npmjs.org/@eslint/eslintrc/-/eslintrc-3.2.0.tgz. Extracting by manifest.
81 silly tarball no local data for eslint-visitor-keys@https://registry.npmjs.org/eslint-visitor-keys/-/eslint-visitor-keys-4.2.0.tgz. Extracting by manifest.
82 silly tarball no local data for globals@https://registry.npmjs.org/globals/-/globals-14.0.0.tgz. Extracting by manifest.
83 silly tarball no local data for espree@https://registry.npmjs.org/espree/-/espree-10.3.0.tgz. Extracting by manifest.
84 silly tarball no local data for @eslint/eslintrc@https://registry.npmjs.org/@eslint/eslintrc/-/eslintrc-2.1.4.tgz. Extracting by manifest.
85 silly tarball no local data for @eslint/js@https://registry.npmjs.org/@eslint/js/-/js-8.57.1.tgz. Extracting by manifest.
86 silly tarball no local data for @eslint/js@https://registry.npmjs.org/@eslint/js/-/js-9.17.0.tgz. Extracting by manifest.
87 http fetch GET 200 https://registry.npmjs.org/espree/-/espree-10.3.0.tgz 296ms (cache miss)
88 http fetch POST 200 https://registry.npmjs.org/-/npm/v1/security/advisories/bulk 371ms
89 silly audit report {}
90 http fetch GET 200 https://registry.npmjs.org/@eslint/eslintrc/-/eslintrc-3.2.0.tgz 366ms (cache miss)
91 http fetch GET 200 https://registry.npmjs.org/globals/-/globals-14.0.0.tgz 675ms (cache miss)
92 http fetch GET 200 https://registry.npmjs.org/@eslint/js/-/js-8.57.1.tgz 921ms (cache miss)
93 http fetch GET 200 https://registry.npmjs.org/eslint-visitor-keys/-/eslint-visitor-keys-4.2.0.tgz 924ms (cache miss)
94 http fetch GET 200 https://registry.npmjs.org/@eslint/js/-/js-9.17.0.tgz 956ms (cache miss)
95 http fetch GET 200 https://registry.npmjs.org/@eslint/eslintrc/-/eslintrc-2.1.4.tgz 1151ms (cache miss)
96 silly ADD
97 silly ADD
98 silly ADD
99 silly ADD
100 silly ADD
101 silly ADD
102 silly ADD
103 silly ADD
104 silly ADD node_modules/eslint/node_modules/@eslint/js
105 silly ADD node_modules/eslint/node_modules/@eslint/eslintrc
106 silly REMOVE node_modules/@eslint/migrate-config/node_modules/globals
107 silly REMOVE node_modules/@eslint/migrate-config/node_modules/espree
108 silly REMOVE node_modules/@eslint/migrate-config/node_modules/eslint-visitor-keys
109 silly REMOVE node_modules/@eslint/migrate-config/node_modules/@eslint/eslintrc
110 silly CHANGE node_modules/@eslint/js
111 silly CHANGE node_modules/@eslint/eslintrc
112 silly ADD node_modules/@eslint/eslintrc/node_modules/eslint-visitor-keys
113 silly ADD node_modules/@eslint/eslintrc/node_modules/globals
114 silly ADD node_modules/@eslint/eslintrc/node_modules/espree
115 verbose cwd /home/gevalinho/gevalinho/nextjs-15
116 verbose os Linux 5.15.167.4-microsoft-standard-WSL2
117 verbose node v21.7.1
118 verbose npm  v10.9.2
119 verbose exit 0
120 info ok
